<?xml version="1.0" encoding="UTF-8"?>
<testsuite name="com.mindex.challenge.service.impl.EmployeeServiceImplTest" tests="1" skipped="0" failures="0" errors="0" timestamp="2025-08-25T02:09:59" hostname="DESKTOP-78N1KE3" time="1.697">
  <properties/>
  <testcase name="testCreateReadUpdate" classname="com.mindex.challenge.service.impl.EmployeeServiceImplTest" time="1.697"/>
  <system-out><![CDATA[22:09:53.291 [Test worker] INFO org.springframework.test.context.support.AnnotationConfigContextLoaderUtils -- Could not detect default configuration classes for test class [com.mindex.challenge.service.impl.EmployeeServiceImplTest]: EmployeeServiceImplTest does not declare any static, non-private, non-final, nested classes annotated with @Configuration.
22:09:53.607 [Test worker] INFO org.springframework.boot.test.context.SpringBootTestContextBootstrapper -- Found @SpringBootConfiguration com.mindex.challenge.ChallengeApplication for test class com.mindex.challenge.service.impl.EmployeeServiceImplTest

  .   ____          _            __ _ _
 /\\ / ___'_ __ _ _(_)_ __  __ _ \ \ \ \
( ( )\___ | '_ | '_| | '_ \/ _` | \ \ \ \
 \\/  ___)| |_)| | | | | || (_| |  ) ) ) )
  '  |____| .__|_| |_|_| |_\__, | / / / /
 =========|_|==============|___/=/_/_/_/
 :: Spring Boot ::                (v3.2.3)

2025-08-24T22:09:54.455-04:00  INFO 32796 --- [    Test worker] c.m.c.s.impl.EmployeeServiceImplTest     : Starting EmployeeServiceImplTest using Java 17.0.10 with PID 32796 (started by nancb in C:\Users\nancb\Downloads\mindex-code-challenge\mindex-code-challenge)
2025-08-24T22:09:54.457-04:00 DEBUG 32796 --- [    Test worker] c.m.c.s.impl.EmployeeServiceImplTest     : Running with Spring Boot v3.2.3, Spring v6.1.4
2025-08-24T22:09:54.458-04:00  INFO 32796 --- [    Test worker] c.m.c.s.impl.EmployeeServiceImplTest     : No active profile set, falling back to 1 default profile: "default"
2025-08-24T22:09:55.217-04:00  INFO 32796 --- [    Test worker] .s.d.r.c.RepositoryConfigurationDelegate : Bootstrapping Spring Data MongoDB repositories in DEFAULT mode.
2025-08-24T22:09:55.296-04:00  INFO 32796 --- [    Test worker] .s.d.r.c.RepositoryConfigurationDelegate : Finished Spring Data repository scanning in 70 ms. Found 1 MongoDB repository interface.
2025-08-24T22:09:56.363-04:00  INFO 32796 --- [    Test worker] o.s.b.w.embedded.tomcat.TomcatWebServer  : Tomcat initialized with port 0 (http)
2025-08-24T22:09:56.386-04:00  INFO 32796 --- [    Test worker] o.apache.catalina.core.StandardService   : Starting service [Tomcat]
2025-08-24T22:09:56.387-04:00  INFO 32796 --- [    Test worker] o.apache.catalina.core.StandardEngine    : Starting Servlet engine: [Apache Tomcat/10.1.19]
2025-08-24T22:09:56.562-04:00  INFO 32796 --- [    Test worker] o.a.c.c.C.[Tomcat].[localhost].[/]       : Initializing Spring embedded WebApplicationContext
2025-08-24T22:09:56.564-04:00  INFO 32796 --- [    Test worker] w.s.c.ServletWebServerApplicationContext : Root WebApplicationContext: initialization completed in 2066 ms
2025-08-24T22:09:57.215-04:00  INFO 32796 --- [    Test worker] de.bwaldvogel.mongo.MongoServer          : started MongoServer(port: 58331, ssl: false)
2025-08-24T22:09:57.503-04:00  INFO 32796 --- [    Test worker] org.mongodb.driver.client                : MongoClient with metadata {"driver": {"name": "mongo-java-driver|sync", "version": "4.11.1"}, "os": {"type": "Windows", "name": "Windows 10", "architecture": "amd64", "version": "10.0"}, "platform": "Java/Oracle Corporation/17.0.10+11-LTS-240"} created with settings MongoClientSettings{readPreference=primary, writeConcern=WriteConcern{w=null, wTimeout=null ms, journal=null}, retryWrites=true, retryReads=true, readConcern=ReadConcern{level=null}, credential=null, transportSettings=null, streamFactoryFactory=null, commandListeners=[], codecRegistry=ProvidersCodecRegistry{codecProviders=[ValueCodecProvider{}, BsonValueCodecProvider{}, DBRefCodecProvider{}, DBObjectCodecProvider{}, DocumentCodecProvider{}, CollectionCodecProvider{}, IterableCodecProvider{}, MapCodecProvider{}, GeoJsonCodecProvider{}, GridFSFileCodecProvider{}, Jsr310CodecProvider{}, JsonObjectCodecProvider{}, BsonCodecProvider{}, EnumCodecProvider{}, com.mongodb.client.model.mql.ExpressionCodecProvider@36d582cb, com.mongodb.Jep395RecordCodecProvider@6c2a95d5, com.mongodb.KotlinCodecProvider@24d8f87a]}, loggerSettings=LoggerSettings{maxDocumentLength=1000}, clusterSettings={hosts=[127.0.0.1:58331], srvServiceName=mongodb, mode=SINGLE, requiredClusterType=UNKNOWN, requiredReplicaSetName='null', serverSelector='null', clusterListeners='[]', serverSelectionTimeout='30000 ms', localThreshold='15 ms'}, socketSettings=SocketSettings{connectTimeoutMS=10000, readTimeoutMS=0, receiveBufferSize=0, proxySettings=ProxySettings{host=null, port=null, username=null, password=null}}, heartbeatSocketSettings=SocketSettings{connectTimeoutMS=10000, readTimeoutMS=10000, receiveBufferSize=0, proxySettings=ProxySettings{host=null, port=null, username=null, password=null}}, connectionPoolSettings=ConnectionPoolSettings{maxSize=100, minSize=0, maxWaitTimeMS=120000, maxConnectionLifeTimeMS=0, maxConnectionIdleTimeMS=0, maintenanceInitialDelayMS=0, maintenanceFrequencyMS=60000, connectionPoolListeners=[], maxConnecting=2}, serverSettings=ServerSettings{heartbeatFrequencyMS=10000, minHeartbeatFrequencyMS=500, serverListeners='[]', serverMonitorListeners='[]'}, sslSettings=SslSettings{enabled=false, invalidHostNameAllowed=false, context=null}, applicationName='null', compressorList=[], uuidRepresentation=UNSPECIFIED, serverApi=null, autoEncryptionSettings=null, dnsClient=null, inetAddressResolver=null, contextProvider=null}
2025-08-24T22:09:57.543-04:00  INFO 32796 --- [-server-worker2] d.b.mongo.wire.MongoWireProtocolHandler  : client [id: 0x41d3b96c, L:/127.0.0.1:58331 - R:/127.0.0.1:58333] connected
2025-08-24T22:09:57.543-04:00  INFO 32796 --- [-server-worker1] d.b.mongo.wire.MongoWireProtocolHandler  : client [id: 0x8831e440, L:/127.0.0.1:58331 - R:/127.0.0.1:58332] connected
2025-08-24T22:09:57.752-04:00  INFO 32796 --- [127.0.0.1:58331] org.mongodb.driver.cluster               : Monitor thread successfully connected to server with description ServerDescription{address=127.0.0.1:58331, type=STANDALONE, state=CONNECTED, ok=true, minWireVersion=0, maxWireVersion=6, maxDocumentSize=16777216, logicalSessionTimeoutMinutes=null, roundTripTimeNanos=259389600}
2025-08-24T22:09:58.795-04:00  INFO 32796 --- [-server-worker3] d.b.mongo.wire.MongoWireProtocolHandler  : client [id: 0x3ed96eb9, L:/127.0.0.1:58331 - R:/127.0.0.1:58335] connected
2025-08-24T22:09:58.866-04:00  INFO 32796 --- [-server-worker3] d.b.mongo.backend.AbstractMongoBackend   : created database test
2025-08-24T22:09:58.880-04:00  INFO 32796 --- [-server-worker3] d.b.mongo.backend.AbstractMongoDatabase  : adding unique _id index for collection employee
2025-08-24T22:09:58.894-04:00  INFO 32796 --- [-server-worker3] d.b.mongo.backend.AbstractMongoDatabase  : created collection test.employee
2025-08-24T22:09:59.602-04:00  INFO 32796 --- [    Test worker] o.s.b.w.embedded.tomcat.TomcatWebServer  : Tomcat started on port 58336 (http) with context path ''
2025-08-24T22:09:59.618-04:00  INFO 32796 --- [    Test worker] c.m.c.s.impl.EmployeeServiceImplTest     : Started EmployeeServiceImplTest in 5.692 seconds (process running for 8.201)
2025-08-24T22:10:01.089-04:00  INFO 32796 --- [o-auto-1-exec-1] o.a.c.c.C.[Tomcat].[localhost].[/]       : Initializing Spring DispatcherServlet 'dispatcherServlet'
2025-08-24T22:10:01.090-04:00  INFO 32796 --- [o-auto-1-exec-1] o.s.web.servlet.DispatcherServlet        : Initializing Servlet 'dispatcherServlet'
2025-08-24T22:10:01.091-04:00  INFO 32796 --- [o-auto-1-exec-1] o.s.web.servlet.DispatcherServlet        : Completed initialization in 1 ms
2025-08-24T22:10:01.169-04:00 DEBUG 32796 --- [o-auto-1-exec-1] c.m.c.controller.EmployeeController      : Received employee create request for [com.mindex.challenge.data.Employee@1db95eb1]
2025-08-24T22:10:01.169-04:00 DEBUG 32796 --- [o-auto-1-exec-1] c.m.c.service.impl.EmployeeServiceImpl   : Creating employee [com.mindex.challenge.data.Employee@1db95eb1]
2025-08-24T22:10:01.211-04:00 DEBUG 32796 --- [o-auto-1-exec-2] c.m.c.controller.EmployeeController      : Received employee get request for id [f3611950-701c-434c-877b-69b76fdddd93]
2025-08-24T22:10:01.212-04:00 DEBUG 32796 --- [o-auto-1-exec-2] c.m.c.service.impl.EmployeeServiceImpl   : Getting employee with id [f3611950-701c-434c-877b-69b76fdddd93]
2025-08-24T22:10:01.317-04:00 DEBUG 32796 --- [o-auto-1-exec-3] c.m.c.controller.EmployeeController      : Received employee create request for id [f3611950-701c-434c-877b-69b76fdddd93] and employee [com.mindex.challenge.data.Employee@6664a81f]
2025-08-24T22:10:01.318-04:00 DEBUG 32796 --- [o-auto-1-exec-3] c.m.c.service.impl.EmployeeServiceImpl   : Updating employee [com.mindex.challenge.data.Employee@6664a81f]
]]></system-out>
  <system-err><![CDATA[]]></system-err>
</testsuite>
